0 info it worked if it ends with ok
1 verbose cli [ 'C:\\Program Files\\nodejs\\\\node.exe',
1 verbose cli   'C:\\Program Files\\nodejs\\node_modules\\npm\\bin\\npm-cli.js',
1 verbose cli   'install',
1 verbose cli   'mogoose' ]
2 info using npm@1.4.28
3 info using node@v0.10.33
4 verbose node symlink C:\Program Files\nodejs\\node.exe
5 warn package.json policyfile@0.0.4 'repositories' (plural) Not supported. Please pick one as the 'repository' field
6 verbose readDependencies using package.json deps
7 verbose cache add [ 'mogoose', null ]
8 verbose cache add name=undefined spec="mogoose" args=["mogoose",null]
9 verbose parsed url { protocol: null,
9 verbose parsed url   slashes: null,
9 verbose parsed url   auth: null,
9 verbose parsed url   host: null,
9 verbose parsed url   port: null,
9 verbose parsed url   hostname: null,
9 verbose parsed url   hash: null,
9 verbose parsed url   search: null,
9 verbose parsed url   query: null,
9 verbose parsed url   pathname: 'mogoose',
9 verbose parsed url   path: 'mogoose',
9 verbose parsed url   href: 'mogoose' }
10 silly lockFile fcb29887-mogoose mogoose
11 verbose lock mogoose C:\Users\user\AppData\Roaming\npm-cache\fcb29887-mogoose.lock
12 silly lockFile fcb29887-mogoose mogoose
13 silly lockFile fcb29887-mogoose mogoose
14 verbose addNamed [ 'mogoose', '' ]
15 verbose addNamed [ null, '*' ]
16 silly lockFile 86f971ba-mogoose mogoose@
17 verbose lock mogoose@ C:\Users\user\AppData\Roaming\npm-cache\86f971ba-mogoose.lock
18 silly addNameRange { name: 'mogoose', range: '*', hasData: false }
19 verbose request where is /mogoose
20 verbose request registry https://registry.npmjs.org/
21 verbose request id 573fa9a4b54d2b71
22 verbose url raw /mogoose
23 verbose url resolving [ 'https://registry.npmjs.org/', './mogoose' ]
24 verbose url resolved https://registry.npmjs.org/mogoose
25 verbose request where is https://registry.npmjs.org/mogoose
26 info trying registry request attempt 1 at 08:30:07
27 http GET https://registry.npmjs.org/mogoose
28 http 404 https://registry.npmjs.org/mogoose
29 verbose headers { date: 'Sat, 17 Jan 2015 00:30:11 GMT',
29 verbose headers   server: 'CouchDB/1.5.0 (Erlang OTP/R16B03)',
29 verbose headers   'content-type': 'application/json',
29 verbose headers   'cache-control': 'max-age=0',
29 verbose headers   'content-length': '52',
29 verbose headers   'accept-ranges': 'bytes',
29 verbose headers   via: '1.1 varnish',
29 verbose headers   age: '0',
29 verbose headers   'x-served-by': 'cache-hk90-HKG',
29 verbose headers   'x-cache': 'MISS',
29 verbose headers   'x-cache-hits': '0',
29 verbose headers   'x-timer': 'S1421454610.442978,VS0,VE718',
29 verbose headers   'keep-alive': 'timeout=10, max=50',
29 verbose headers   connection: 'Keep-Alive' }
30 silly registry.get cb [ 404,
30 silly registry.get   { date: 'Sat, 17 Jan 2015 00:30:11 GMT',
30 silly registry.get     server: 'CouchDB/1.5.0 (Erlang OTP/R16B03)',
30 silly registry.get     'content-type': 'application/json',
30 silly registry.get     'cache-control': 'max-age=0',
30 silly registry.get     'content-length': '52',
30 silly registry.get     'accept-ranges': 'bytes',
30 silly registry.get     via: '1.1 varnish',
30 silly registry.get     age: '0',
30 silly registry.get     'x-served-by': 'cache-hk90-HKG',
30 silly registry.get     'x-cache': 'MISS',
30 silly registry.get     'x-cache-hits': '0',
30 silly registry.get     'x-timer': 'S1421454610.442978,VS0,VE718',
30 silly registry.get     'keep-alive': 'timeout=10, max=50',
30 silly registry.get     connection: 'Keep-Alive' } ]
31 silly lockFile 86f971ba-mogoose mogoose@
32 silly lockFile 86f971ba-mogoose mogoose@
33 error 404 404 Not Found: mogoose
33 error 404
33 error 404 'mogoose' is not in the npm registry.
33 error 404 You should bug the author to publish it
33 error 404 It was specified as a dependency of 'Math_test'
33 error 404
33 error 404 Note that you can also install from a
33 error 404 tarball, folder, or http url, or git url.
34 error System Windows_NT 6.1.7601
35 error command "C:\\Program Files\\nodejs\\\\node.exe" "C:\\Program Files\\nodejs\\node_modules\\npm\\bin\\npm-cli.js" "install" "mogoose"
36 error cwd D:\node.js\Math_test
37 error node -v v0.10.33
38 error npm -v 1.4.28
39 error code E404
40 verbose exit [ 1, true ]
